<?xml version="1.0" encoding="UTF-8"?>
<coverage generated="1695107492125" clover="3.2.0">
  <project timestamp="1695107492125" name="All files">
    <metrics statements="39" coveredstatements="22" conditionals="4" coveredconditionals="0" methods="15" coveredmethods="8" elements="58" coveredelements="30" complexity="0" loc="39" ncloc="39" packages="1" files="1" classes="1"/>
    <file name="HelloWorld.jsx" path="C:\Users\User\Documents\GitHub\base-testing-react\base-testing-react\src\components\HelloWorld.jsx">
      <metrics statements="39" coveredstatements="22" conditionals="4" coveredconditionals="0" methods="15" coveredmethods="8"/>
      <line num="1" count="1" type="stmt"/>
      <line num="3" count="6" type="stmt"/>
      <line num="5" count="11" type="stmt"/>
      <line num="7" count="11" type="stmt"/>
      <line num="8" count="1" type="stmt"/>
      <line num="11" count="11" type="stmt"/>
      <line num="12" count="1" type="stmt"/>
      <line num="15" count="11" type="stmt"/>
      <line num="16" count="1" type="stmt"/>
      <line num="19" count="11" type="stmt"/>
      <line num="20" count="1" type="stmt"/>
      <line num="23" count="11" type="stmt"/>
      <line num="24" count="1" type="stmt"/>
      <line num="27" count="11" type="stmt"/>
      <line num="28" count="11" type="stmt"/>
      <line num="30" count="11" type="stmt"/>
      <line num="31" count="0" type="cond" truecount="0" falsecount="2"/>
      <line num="34" count="11" type="stmt"/>
      <line num="35" count="6" type="stmt"/>
      <line num="36" count="0" type="stmt"/>
      <line num="38" count="0" type="stmt"/>
      <line num="39" count="0" type="stmt"/>
      <line num="40" count="0" type="stmt"/>
      <line num="41" count="0" type="stmt"/>
      <line num="45" count="11" type="stmt"/>
      <line num="46" count="6" type="stmt"/>
      <line num="47" count="0" type="stmt"/>
      <line num="49" count="0" type="cond" truecount="0" falsecount="1"/>
      <line num="50" count="0" type="stmt"/>
      <line num="52" count="0" type="stmt"/>
      <line num="53" count="0" type="cond" truecount="0" falsecount="1"/>
      <line num="54" count="0" type="stmt"/>
      <line num="56" count="0" type="stmt"/>
      <line num="57" count="0" type="stmt"/>
      <line num="59" count="0" type="stmt"/>
      <line num="60" count="0" type="stmt"/>
      <line num="62" count="0" type="stmt"/>
      <line num="69" count="11" type="stmt"/>
      <line num="81" count="1" type="stmt"/>
    </file>
  </project>
</coverage>
