{"C:\\Users\\User\\Documents\\GitHub\\base-testing-react\\base-testing-react\\src\\components\\HelloWorld.jsx": {"path":"C:\\Users\\User\\Documents\\GitHub\\base-testing-react\\base-testing-react\\src\\components\\HelloWorld.jsx","statementMap":{"0":{"start":{"line":3,"column":13},"end":{"line":3,"column":23}},"1":{"start":{"line":81,"column":0},"end":{"line":81,"column":15}},"2":{"start":{"line":1,"column":43},"end":{"line":1,"column":null}},"3":{"start":{"line":3,"column":26},"end":{"line":79,"column":null}},"4":{"start":{"line":5,"column":30},"end":{"line":5,"column":null}},"5":{"start":{"line":7,"column":32},"end":{"line":9,"column":null}},"6":{"start":{"line":8,"column":8},"end":{"line":8,"column":null}},"7":{"start":{"line":11,"column":32},"end":{"line":13,"column":null}},"8":{"start":{"line":12,"column":8},"end":{"line":12,"column":null}},"9":{"start":{"line":15,"column":32},"end":{"line":17,"column":null}},"10":{"start":{"line":16,"column":8},"end":{"line":16,"column":null}},"11":{"start":{"line":19,"column":32},"end":{"line":21,"column":null}},"12":{"start":{"line":20,"column":8},"end":{"line":20,"column":null}},"13":{"start":{"line":23,"column":32},"end":{"line":25,"column":null}},"14":{"start":{"line":24,"column":8},"end":{"line":24,"column":null}},"15":{"start":{"line":27,"column":46},"end":{"line":27,"column":null}},"16":{"start":{"line":28,"column":40},"end":{"line":28,"column":null}},"17":{"start":{"line":30,"column":26},"end":{"line":32,"column":null}},"18":{"start":{"line":31,"column":8},"end":{"line":31,"column":null}},"19":{"start":{"line":34,"column":4},"end":{"line":43,"column":null}},"20":{"start":{"line":35,"column":8},"end":{"line":42,"column":null}},"21":{"start":{"line":36,"column":21},"end":{"line":36,"column":null}},"22":{"start":{"line":38,"column":36},"end":{"line":38,"column":47}},"23":{"start":{"line":39,"column":38},"end":{"line":39,"column":null}},"24":{"start":{"line":40,"column":38},"end":{"line":40,"column":73}},"25":{"start":{"line":41,"column":12},"end":{"line":41,"column":null}},"26":{"start":{"line":45,"column":4},"end":{"line":67,"column":null}},"27":{"start":{"line":46,"column":8},"end":{"line":66,"column":null}},"28":{"start":{"line":47,"column":21},"end":{"line":47,"column":null}},"29":{"start":{"line":49,"column":12},"end":{"line":65,"column":null}},"30":{"start":{"line":50,"column":26},"end":{"line":50,"column":69}},"31":{"start":{"line":52,"column":12},"end":{"line":64,"column":null}},"32":{"start":{"line":52,"column":31},"end":{"line":52,"column":34}},"33":{"start":{"line":53,"column":16},"end":{"line":63,"column":null}},"34":{"start":{"line":54,"column":38},"end":{"line":54,"column":58}},"35":{"start":{"line":56,"column":16},"end":{"line":61,"column":null}},"36":{"start":{"line":57,"column":33},"end":{"line":57,"column":null}},"37":{"start":{"line":59,"column":40},"end":{"line":59,"column":93}},"38":{"start":{"line":60,"column":20},"end":{"line":60,"column":null}},"39":{"start":{"line":62,"column":16},"end":{"line":62,"column":null}},"40":{"start":{"line":69,"column":4},"end":{"line":76,"column":null}},"41":{"start":{"line":81,"column":15},"end":{"line":81,"column":25}}},"fnMap":{"0":{"name":"(anonymous_6)","decl":{"start":{"line":3,"column":26},"end":{"line":3,"column":null}},"loc":{"start":{"line":3,"column":26},"end":{"line":79,"column":null}}},"1":{"name":"(anonymous_7)","decl":{"start":{"line":7,"column":32},"end":{"line":7,"column":null}},"loc":{"start":{"line":7,"column":32},"end":{"line":9,"column":null}}},"2":{"name":"(anonymous_8)","decl":{"start":{"line":11,"column":32},"end":{"line":11,"column":null}},"loc":{"start":{"line":11,"column":32},"end":{"line":13,"column":null}}},"3":{"name":"(anonymous_9)","decl":{"start":{"line":15,"column":32},"end":{"line":15,"column":null}},"loc":{"start":{"line":15,"column":32},"end":{"line":17,"column":null}}},"4":{"name":"(anonymous_10)","decl":{"start":{"line":19,"column":32},"end":{"line":19,"column":null}},"loc":{"start":{"line":19,"column":32},"end":{"line":21,"column":null}}},"5":{"name":"(anonymous_11)","decl":{"start":{"line":23,"column":32},"end":{"line":23,"column":null}},"loc":{"start":{"line":23,"column":32},"end":{"line":25,"column":null}}},"6":{"name":"(anonymous_12)","decl":{"start":{"line":30,"column":26},"end":{"line":30,"column":27}},"loc":{"start":{"line":30,"column":27},"end":{"line":32,"column":null}}},"7":{"name":"(anonymous_13)","decl":{"start":{"line":34,"column":14},"end":{"line":34,"column":null}},"loc":{"start":{"line":34,"column":14},"end":{"line":43,"column":7}}},"8":{"name":"(anonymous_14)","decl":{"start":{"line":36,"column":14},"end":{"line":36,"column":21}},"loc":{"start":{"line":36,"column":21},"end":{"line":36,"column":null}}},"9":{"name":"(anonymous_15)","decl":{"start":{"line":37,"column":14},"end":{"line":37,"column":15}},"loc":{"start":{"line":37,"column":15},"end":{"line":42,"column":null}}},"10":{"name":"(anonymous_16)","decl":{"start":{"line":45,"column":14},"end":{"line":45,"column":null}},"loc":{"start":{"line":45,"column":14},"end":{"line":67,"column":7}}},"11":{"name":"(anonymous_17)","decl":{"start":{"line":47,"column":14},"end":{"line":47,"column":21}},"loc":{"start":{"line":47,"column":21},"end":{"line":47,"column":null}}},"12":{"name":"(anonymous_18)","decl":{"start":{"line":48,"column":14},"end":{"line":48,"column":15}},"loc":{"start":{"line":48,"column":15},"end":{"line":66,"column":null}}},"13":{"name":"(anonymous_19)","decl":{"start":{"line":57,"column":26},"end":{"line":57,"column":33}},"loc":{"start":{"line":57,"column":33},"end":{"line":57,"column":null}}},"14":{"name":"(anonymous_20)","decl":{"start":{"line":58,"column":26},"end":{"line":58,"column":27}},"loc":{"start":{"line":58,"column":27},"end":{"line":61,"column":null}}}},"branchMap":{"0":{"loc":{"start":{"line":31,"column":16},"end":{"line":31,"column":null}},"type":"binary-expr","locations":[{"start":{"line":31,"column":16},"end":{"line":31,"column":42}},{"start":{"line":31,"column":42},"end":{"line":31,"column":null}}]},"1":{"loc":{"start":{"line":49,"column":12},"end":{"line":65,"column":null}},"type":"if","locations":[{"start":{"line":49,"column":12},"end":{"line":65,"column":null}}]},"2":{"loc":{"start":{"line":53,"column":16},"end":{"line":63,"column":null}},"type":"if","locations":[{"start":{"line":53,"column":16},"end":{"line":63,"column":null}}]}},"s":{"0":6,"1":0,"2":1,"3":1,"4":11,"5":11,"6":1,"7":11,"8":1,"9":11,"10":1,"11":11,"12":1,"13":11,"14":1,"15":11,"16":11,"17":11,"18":0,"19":11,"20":6,"21":0,"22":0,"23":0,"24":0,"25":0,"26":11,"27":6,"28":0,"29":0,"30":0,"31":0,"32":0,"33":0,"34":0,"35":0,"36":0,"37":0,"38":0,"39":0,"40":11,"41":1},"f":{"0":11,"1":1,"2":1,"3":1,"4":1,"5":1,"6":0,"7":6,"8":0,"9":0,"10":6,"11":0,"12":0,"13":0,"14":0},"b":{"0":[0,0],"1":[0],"2":[0]}}
}
