TN:
SF:src\components\HelloWorld.jsx
FN:3,(anonymous_6)
FN:7,(anonymous_7)
FN:11,(anonymous_8)
FN:15,(anonymous_9)
FN:19,(anonymous_10)
FN:23,(anonymous_11)
FN:30,(anonymous_12)
FN:34,(anonymous_13)
FN:36,(anonymous_14)
FN:37,(anonymous_15)
FN:45,(anonymous_16)
FN:47,(anonymous_17)
FN:48,(anonymous_18)
FN:57,(anonymous_19)
FN:58,(anonymous_20)
FNF:15
FNH:8
FNDA:11,(anonymous_6)
FNDA:1,(anonymous_7)
FNDA:1,(anonymous_8)
FNDA:1,(anonymous_9)
FNDA:1,(anonymous_10)
FNDA:1,(anonymous_11)
FNDA:0,(anonymous_12)
FNDA:6,(anonymous_13)
FNDA:0,(anonymous_14)
FNDA:0,(anonymous_15)
FNDA:6,(anonymous_16)
FNDA:0,(anonymous_17)
FNDA:0,(anonymous_18)
FNDA:0,(anonymous_19)
FNDA:0,(anonymous_20)
DA:1,1
DA:3,6
DA:5,11
DA:7,11
DA:8,1
DA:11,11
DA:12,1
DA:15,11
DA:16,1
DA:19,11
DA:20,1
DA:23,11
DA:24,1
DA:27,11
DA:28,11
DA:30,11
DA:31,0
DA:34,11
DA:35,6
DA:36,0
DA:38,0
DA:39,0
DA:40,0
DA:41,0
DA:45,11
DA:46,6
DA:47,0
DA:49,0
DA:50,0
DA:52,0
DA:53,0
DA:54,0
DA:56,0
DA:57,0
DA:59,0
DA:60,0
DA:62,0
DA:69,11
DA:81,1
LF:39
LH:22
BRDA:31,0,0,0
BRDA:31,0,1,0
BRDA:49,1,0,0
BRDA:53,2,0,0
BRF:4
BRH:0
end_of_record
